<?xml version="1.0" encoding="UTF-8" ?>
<testsuite failures="0" time="5.342" errors="0" skipped="0" tests="9" name="service.ContactServiceTest">
  <properties>
    <property name="java.runtime.name" value="Java(TM) SE Runtime Environment"/>
    <property name="sun.boot.library.path" value="D:\eclipse-jee-juno-SR2-win64\jre\bin"/>
    <property name="java.vm.version" value="24.55-b03"/>
    <property name="java.vm.vendor" value="Oracle Corporation"/>
    <property name="java.vendor.url" value="http://java.oracle.com/"/>
    <property name="path.separator" value=";"/>
    <property name="guice.disable.misplaced.annotation.check" value="true"/>
    <property name="java.vm.name" value="Java HotSpot(TM) 64-Bit Server VM"/>
    <property name="file.encoding.pkg" value="sun.io"/>
    <property name="user.script" value=""/>
    <property name="user.country" value="FR"/>
    <property name="sun.java.launcher" value="SUN_STANDARD"/>
    <property name="sun.os.patch.level" value="Service Pack 1"/>
    <property name="java.vm.specification.name" value="Java Virtual Machine Specification"/>
    <property name="user.dir" value="D:\workspace.4.2-64bits\contact-service"/>
    <property name="java.runtime.version" value="1.7.0_55-b13"/>
    <property name="java.awt.graphicsenv" value="sun.awt.Win32GraphicsEnvironment"/>
    <property name="java.endorsed.dirs" value="D:\eclipse-jee-juno-SR2-win64\jre\lib\endorsed"/>
    <property name="os.arch" value="amd64"/>
    <property name="java.io.tmpdir" value="C:\Users\duboism\AppData\Local\Temp\"/>
    <property name="line.separator" value="
"/>
    <property name="java.vm.specification.vendor" value="Oracle Corporation"/>
    <property name="user.variant" value=""/>
    <property name="os.name" value="Windows 7"/>
    <property name="classworlds.conf" value="D:\workspace.4.2-64bits\.metadata\.plugins\org.eclipse.m2e.launching\launches\m2conf5464998166612411444.tmp"/>
    <property name="sun.jnu.encoding" value="Cp1252"/>
    <property name="java.library.path" value="D:\eclipse-jee-juno-SR2-win64\jre\bin;C:\Windows\Sun\Java\bin;C:\Windows\system32;C:\Windows;D:/eclipse-jee-juno-SR2-win64/jre/bin/server;D:/eclipse-jee-juno-SR2-win64/jre/bin;D:/eclipse-jee-juno-SR2-win64/jre/lib/amd64;D:\eclipse-jee-juno-SR2-win64\tools\apache-maven-3.2.5\bin;D:\eclipse-jee-juno-SR2-win64\tools\apache-ant-1.9.4\bin;D:\eclipse-jee-juno-SR2-win64\tools\jdk\bin;D:\eclipse-jee-juno-SR2-win64\tools\jdk\jre\bin;D:\eclipse-jee-juno-SR2-win64\tools\jdk\jre\bin\client;D:\eclipse-jee-juno-SR2-win64\tools\jdk\jre\bin\server;C:\Program Files\Common Files\Microsoft Shared\Windows Live;C:\Program Files (x86)\Common Files\Microsoft Shared\Windows Live;C:\Windows\system32;C:\Windows;C:\Windows\System32\Wbem;C:\Windows\System32\WindowsPowerShell\v1.0\;C:\Program Files\Microsoft Windows Performance Toolkit\;C:\Program Files (x86)\Windows Live\Shared;C:\Program Files\SASHome\Secure\ccme4;C:\Program Files\SASHome\x86\Secure\ccme4;c:\oracle\product\11.2.0\client_2\bin;c:\oracle\product\11.2.0\client_1\bin;D:\eclipse-jee-juno-SR2-win64;;."/>
    <property name="java.specification.name" value="Java Platform API Specification"/>
    <property name="java.class.version" value="51.0"/>
    <property name="sun.management.compiler" value="HotSpot 64-Bit Tiered Compilers"/>
    <property name="os.version" value="6.1"/>
    <property name="user.home" value="C:\Users\duboism"/>
    <property name="user.timezone" value="Europe/Paris"/>
    <property name="java.awt.printerjob" value="sun.awt.windows.WPrinterJob"/>
    <property name="java.specification.version" value="1.7"/>
    <property name="file.encoding" value="Cp1252"/>
    <property name="user.name" value="duboism"/>
    <property name="java.class.path" value="/D:/eclipse-jee-juno-SR2-win64/configuration/org.eclipse.osgi/bundles/1965/1/.cp/jars/plexus-classworlds-2.4.jar"/>
    <property name="java.vm.specification.version" value="1.7"/>
    <property name="sun.arch.data.model" value="64"/>
    <property name="java.home" value="D:\eclipse-jee-juno-SR2-win64\jre"/>
    <property name="sun.java.command" value="org.codehaus.plexus.classworlds.launcher.Launcher -B -s C:\Users\duboism\.m2\settings.xml install"/>
    <property name="java.specification.vendor" value="Oracle Corporation"/>
    <property name="user.language" value="fr"/>
    <property name="awt.toolkit" value="sun.awt.windows.WToolkit"/>
    <property name="java.vm.info" value="mixed mode"/>
    <property name="java.version" value="1.7.0_55"/>
    <property name="java.ext.dirs" value="D:\eclipse-jee-juno-SR2-win64\jre\lib\ext;C:\Windows\Sun\Java\lib\ext"/>
    <property name="sun.boot.class.path" value="D:\eclipse-jee-juno-SR2-win64\jre\lib\resources.jar;D:\eclipse-jee-juno-SR2-win64\jre\lib\rt.jar;D:\eclipse-jee-juno-SR2-win64\jre\lib\sunrsasign.jar;D:\eclipse-jee-juno-SR2-win64\jre\lib\jsse.jar;D:\eclipse-jee-juno-SR2-win64\jre\lib\jce.jar;D:\eclipse-jee-juno-SR2-win64\jre\lib\charsets.jar;D:\eclipse-jee-juno-SR2-win64\jre\lib\jfr.jar;D:\eclipse-jee-juno-SR2-win64\jre\classes"/>
    <property name="java.vendor" value="Oracle Corporation"/>
    <property name="maven.home" value="D:\workspace.4.2-64bits\contact-service\EMBEDDED"/>
    <property name="file.separator" value="\"/>
    <property name="java.vendor.url.bug" value="http://bugreport.sun.com/bugreport/"/>
    <property name="maven.bootclasspath" value="/D:/eclipse-jee-juno-SR2-win64/configuration/org.eclipse.osgi/bundles/1965/1/.cp/jars/plexus-classworlds-2.4.jar"/>
    <property name="sun.cpu.endian" value="little"/>
    <property name="sun.io.unicode.encoding" value="UnicodeLittle"/>
    <property name="sun.desktop" value="windows"/>
    <property name="sun.cpu.isalist" value="amd64"/>
  </properties>
  <testcase time="0.03" classname="service.ContactServiceTest" name="testNomTropCourt"/>
  <testcase time="0" classname="service.ContactServiceTest" name="testModifierContactInexistant"/>
  <testcase time="0" classname="service.ContactServiceTest" name="testModifierContactExistantAvecNouveauOk"/>
  <testcase time="0" classname="service.ContactServiceTest" name="testCasDoublon"/>
  <testcase time="0.02" classname="service.ContactServiceTest" name="testCasNormal"/>
  <testcase time="0" classname="service.ContactServiceTest" name="testModifierContactExistantMaisNouveauNomDejaPris"/>
  <testcase time="5.012" classname="service.ContactServiceTest" name="testNomTropLong"/>
  <testcase time="0" classname="service.ContactServiceTest" name="testNomNull"/>
  <testcase time="0" classname="service.ContactServiceTest" name="testNomVide"/>
</testsuite>